f:\졸업작품\알약전사\알약전사\debug\알약전사.pch
f:\졸업작품\알약전사\알약전사\debug\vc141.pdb
f:\졸업작품\알약전사\알약전사\debug\vc141.idb
f:\졸업작품\알약전사\알약전사\debug\stdafx.obj
f:\졸업작품\알약전사\알약전사\debug\알약전사.obj
f:\졸업작품\알약전사\알약전사\debug\timer.obj
f:\졸업작품\알약전사\알약전사\debug\shader.obj
f:\졸업작품\알약전사\알약전사\debug\scene.obj
f:\졸업작품\알약전사\알약전사\debug\player.obj
f:\졸업작품\알약전사\알약전사\debug\mesh.obj
f:\졸업작품\알약전사\알약전사\debug\gameobject.obj
f:\졸업작품\알약전사\알약전사\debug\gameframework.obj
f:\졸업작품\알약전사\알약전사\debug\camera.obj
f:\졸업작품\알약전사\debug\알약전사.exe
f:\졸업작품\알약전사\debug\알약전사.ilk
f:\졸업작품\알약전사\debug\알약전사.pdb
f:\졸업작품\알약전사\알약전사\debug\알약전사.res
f:\졸업작품\알약전사\알약전사\debug\알약전사.tlog\cl.command.1.tlog
f:\졸업작품\알약전사\알약전사\debug\알약전사.tlog\cl.read.1.tlog
f:\졸업작품\알약전사\알약전사\debug\알약전사.tlog\cl.write.1.tlog
f:\졸업작품\알약전사\알약전사\debug\알약전사.tlog\link.command.1.tlog
f:\졸업작품\알약전사\알약전사\debug\알약전사.tlog\link.read.1.tlog
f:\졸업작품\알약전사\알약전사\debug\알약전사.tlog\link.write.1.tlog
f:\졸업작품\알약전사\알약전사\debug\알약전사.tlog\rc.command.1.tlog
f:\졸업작품\알약전사\알약전사\debug\알약전사.tlog\rc.read.1.tlog
f:\졸업작품\알약전사\알약전사\debug\알약전사.tlog\rc.write.1.tlog
