  stdafx.cpp
  Camera.cpp
  DDSTextureLoader12.cpp
  FBXExporter.cpp
c:\users\gogleearth\desktop\졸작\pills-fighter\project\pillsfighter\fbxexporter.cpp(104): warning C4267: '=': 'size_t'에서 'UINT'(으)로 변환하면서 데이터가 손실될 수 있습니다.
c:\users\gogleearth\desktop\졸작\pills-fighter\project\pillsfighter\fbxexporter.cpp(161): warning C4267: '인수': 'size_t'에서 'int'(으)로 변환하면서 데이터가 손실될 수 있습니다.
c:\users\gogleearth\desktop\졸작\pills-fighter\project\pillsfighter\fbxexporter.cpp(266): warning C4267: '초기화 중': 'size_t'에서 'unsigned int'(으)로 변환하면서 데이터가 손실될 수 있습니다.
  GameFramework.cpp
  GameObject.cpp
  MathHelper.cpp
  Mesh.cpp
  PillsFighter.cpp
  Player.cpp
  Scene.cpp
  Shader.cpp
  Timer.cpp
  Utilities.cpp
c:\users\gogleearth\desktop\졸작\pills-fighter\project\pillsfighter\utilities.cpp(44): warning C4267: '초기화 중': 'size_t'에서 'unsigned int'(으)로 변환하면서 데이터가 손실될 수 있습니다.
c:\users\gogleearth\desktop\졸작\pills-fighter\project\pillsfighter\utilities.cpp(58): warning C4267: '초기화 중': 'size_t'에서 'unsigned int'(으)로 변환하면서 데이터가 손실될 수 있습니다.
  코드를 생성하고 있습니다.
  All 1785 functions were compiled because no usable IPDB/IOBJ from previous compilation was found.
  코드를 생성했습니다.
  PillsFighter.vcxproj -> C:\Users\GogleEarth\Desktop\졸작\Pills-Fighter\Project\x64\Release\PillFighter.exe
