f:\졸업작품\알약전사\알약전사\release\vc141.pdb
f:\졸업작품\알약전사\알약전사\release\알약전사.obj
f:\졸업작품\알약전사\알약전사\release\shader.obj
f:\졸업작품\알약전사\알약전사\release\scene.obj
f:\졸업작품\알약전사\알약전사\release\player.obj
f:\졸업작품\알약전사\알약전사\release\mesh.obj
f:\졸업작품\알약전사\알약전사\release\gameobject.obj
f:\졸업작품\알약전사\알약전사\release\gameframework.obj
f:\졸업작품\알약전사\알약전사\release\camera.obj
f:\졸업작품\알약전사\알약전사\release\알약전사.pch
f:\졸업작품\알약전사\알약전사\release\stdafx.obj
f:\졸업작품\알약전사\알약전사\release\timer.obj
f:\졸업작품\알약전사\release\알약전사.exe
f:\졸업작품\알약전사\release\알약전사.pdb
f:\졸업작품\알약전사\알약전사\release\알약전사.res
f:\졸업작품\알약전사\release\알약전사.ipdb
f:\졸업작품\알약전사\release\알약전사.iobj
f:\졸업작품\알약전사\알약전사\release\알약전사.tlog\cl.command.1.tlog
f:\졸업작품\알약전사\알약전사\release\알약전사.tlog\cl.read.1.tlog
f:\졸업작품\알약전사\알약전사\release\알약전사.tlog\cl.write.1.tlog
f:\졸업작품\알약전사\알약전사\release\알약전사.tlog\link.command.1.tlog
f:\졸업작품\알약전사\알약전사\release\알약전사.tlog\link.read.1.tlog
f:\졸업작품\알약전사\알약전사\release\알약전사.tlog\link.write.1.tlog
f:\졸업작품\알약전사\알약전사\release\알약전사.tlog\rc.command.1.tlog
f:\졸업작품\알약전사\알약전사\release\알약전사.tlog\rc.read.1.tlog
f:\졸업작품\알약전사\알약전사\release\알약전사.tlog\rc.write.1.tlog
f:\졸업작품\알약전사\알약전사\release\알약전사.tlog\알약전사.write.1u.tlog
